2022-01-11 13:02:04.829  INFO 40358 --- [main] c.h.a.c.CustomScannersServiceApplication : Starting CustomScannersServiceApplication on Jarvis with PID 40358 (/home/tim/.vscode/extensions/hcltechnologies.hclappscancodesweep-1.2.0/lib/custom-scanners-service-1.0.12.jar started by tim in /home/tim/Documents/Minecraft/mods/my mods/CompostableRottenFlesh)
2022-01-11 13:02:04.853  INFO 40358 --- [main] c.h.a.c.CustomScannersServiceApplication : No active profile set, falling back to default profiles: default
2022-01-11 13:02:10.220  INFO 40358 --- [main] o.s.b.w.embedded.tomcat.TomcatWebServer  : Tomcat initialized with port(s): 9221 (http)
2022-01-11 13:02:10.255  INFO 40358 --- [main] o.apache.catalina.core.StandardService   : Starting service [Tomcat]
2022-01-11 13:02:10.255  INFO 40358 --- [main] org.apache.catalina.core.StandardEngine  : Starting Servlet engine: [Apache Tomcat/9.0.29]
2022-01-11 13:02:10.381  INFO 40358 --- [main] o.a.c.c.C.[Tomcat].[localhost].[/]       : Initializing Spring embedded WebApplicationContext
2022-01-11 13:02:10.381 DEBUG 40358 --- [main] o.s.web.context.ContextLoader            : Published root WebApplicationContext as ServletContext attribute with name [org.springframework.web.context.WebApplicationContext.ROOT]
2022-01-11 13:02:10.382  INFO 40358 --- [main] o.s.web.context.ContextLoader            : Root WebApplicationContext: initialization completed in 5385 ms
2022-01-11 13:02:10.761 DEBUG 40358 --- [main] o.s.b.w.s.ServletContextInitializerBeans : Mapping filters: filterRegistrationBean urls=[/*] order=-2147483647, characterEncodingFilter urls=[/*] order=-2147483648, formContentFilter urls=[/*] order=-9900, requestContextFilter urls=[/*] order=-105
2022-01-11 13:02:10.762 DEBUG 40358 --- [main] o.s.b.w.s.ServletContextInitializerBeans : Mapping servlets: dispatcherServlet urls=[/]
2022-01-11 13:02:11.754 DEBUG 40358 --- [main] s.w.s.m.m.a.RequestMappingHandlerMapping : 22 mappings in 'requestMappingHandlerMapping'
2022-01-11 13:02:11.823  INFO 40358 --- [main] o.s.b.a.e.web.EndpointLinksResolver      : Exposing 2 endpoint(s) beneath base path '/actuator'
2022-01-11 13:02:11.937  INFO 40358 --- [main] pertySourcedRequestMappingHandlerMapping : Mapped URL path [/v2/api-docs] onto method [springfox.documentation.swagger2.web.Swagger2Controller#getDocumentation(String, HttpServletRequest)]
2022-01-11 13:02:12.046  INFO 40358 --- [main] o.s.s.concurrent.ThreadPoolTaskExecutor  : Initializing ExecutorService 'applicationTaskExecutor'
2022-01-11 13:02:12.074 DEBUG 40358 --- [main] s.w.s.m.m.a.RequestMappingHandlerAdapter : ControllerAdvice beans: 0 @ModelAttribute, 0 @InitBinder, 1 RequestBodyAdvice, 1 ResponseBodyAdvice
2022-01-11 13:02:12.254 DEBUG 40358 --- [main] o.s.w.s.handler.SimpleUrlHandlerMapping  : Patterns [/webjars/**, /**] in 'resourceHandlerMapping'
2022-01-11 13:02:12.272 DEBUG 40358 --- [main] .m.m.a.ExceptionHandlerExceptionResolver : ControllerAdvice beans: 1 @ExceptionHandler, 1 ResponseBodyAdvice
2022-01-11 13:02:12.421  INFO 40358 --- [main] d.s.w.p.DocumentationPluginsBootstrapper : Context refreshed
2022-01-11 13:02:12.454  INFO 40358 --- [main] d.s.w.p.DocumentationPluginsBootstrapper : Found 1 custom documentation plugin(s)
2022-01-11 13:02:12.505  INFO 40358 --- [main] s.d.s.w.s.ApiListingReferenceScanner     : Scanning for api listing references
2022-01-11 13:02:12.704  INFO 40358 --- [Thread-0] c.h.a.s.s.services.ArticleResource       : Completed reading English articles
2022-01-11 13:02:12.940  INFO 40358 --- [main] o.s.b.w.embedded.tomcat.TomcatWebServer  : Tomcat started on port(s): 9221 (http) with context path ''
2022-01-11 13:02:12.943  INFO 40358 --- [main] c.h.a.c.CustomScannersServiceApplication : Started CustomScannersServiceApplication in 10.133 seconds (JVM running for 11.817)
2022-01-11 13:02:13.045  INFO 40358 --- [http-nio-9221-exec-1] o.a.c.c.C.[Tomcat].[localhost].[/]       : Initializing Spring DispatcherServlet 'dispatcherServlet'
2022-01-11 13:02:13.045  INFO 40358 --- [http-nio-9221-exec-1] o.s.web.servlet.DispatcherServlet        : Initializing Servlet 'dispatcherServlet'
2022-01-11 13:02:13.045 DEBUG 40358 --- [http-nio-9221-exec-1] o.s.web.servlet.DispatcherServlet        : Detected StandardServletMultipartResolver
2022-01-11 13:02:13.045 DEBUG 40358 --- [http-nio-9221-exec-1] o.s.web.servlet.DispatcherServlet        : Detected CookieLocaleResolver
2022-01-11 13:02:13.045 DEBUG 40358 --- [http-nio-9221-exec-1] o.s.web.servlet.DispatcherServlet        : Detected CookieThemeResolver
2022-01-11 13:02:13.051 DEBUG 40358 --- [http-nio-9221-exec-1] o.s.web.servlet.DispatcherServlet        : enableLoggingRequestDetails='false': request parameters and headers will be masked to prevent unsafe logging of potentially sensitive data
2022-01-11 13:02:13.051  INFO 40358 --- [http-nio-9221-exec-1] o.s.web.servlet.DispatcherServlet        : Completed initialization in 6 ms
2022-01-11 13:02:13.068 DEBUG 40358 --- [http-nio-9221-exec-1] o.s.web.servlet.DispatcherServlet        : GET "/v1/scanRules", parameters={}
2022-01-11 13:02:13.077 DEBUG 40358 --- [http-nio-9221-exec-1] s.w.s.m.m.a.RequestMappingHandlerMapping : Mapped to com.hcl.appscan.customscannersservice.controller.CustomScannersController#getScanRules(String[])
2022-01-11 13:02:13.110 DEBUG 40358 --- [http-nio-9221-exec-1] o.s.w.s.m.m.a.HttpEntityMethodProcessor  : Using 'application/json', given [application/json] and supported [application/json]
2022-01-11 13:02:13.119 DEBUG 40358 --- [http-nio-9221-exec-1] o.s.w.s.m.m.a.HttpEntityMethodProcessor  : Writing [{Golang={com.ouncelabs.languagelite.golang.rules.CommMisconfig=CustomScannersServiceScanRule{ruleNam (truncated)...]
2022-01-11 13:02:13.238 DEBUG 40358 --- [http-nio-9221-exec-1] o.s.web.servlet.DispatcherServlet        : Completed 200 OK
2022-01-11 13:05:16.273 DEBUG 40358 --- [http-nio-9221-exec-2] o.s.web.servlet.DispatcherServlet        : POST "/v1/scanFile", parameters={masked}
2022-01-11 13:05:16.278 DEBUG 40358 --- [http-nio-9221-exec-2] s.w.s.m.m.a.RequestMappingHandlerMapping : Mapped to com.hcl.appscan.customscannersservice.controller.CustomScannersController#runScanFile(MultipartFile, String, int[])
2022-01-11 13:05:16.284 DEBUG 40358 --- [http-nio-9221-exec-2] .m.m.a.ExceptionHandlerExceptionResolver : Using @ExceptionHandler com.hcl.appscan.customscannersservice.controller.CustomScannersControllerAdvice#handleInvalidArgument(IllegalArgumentException)
2022-01-11 13:05:16.288 DEBUG 40358 --- [http-nio-9221-exec-2] o.s.w.s.m.m.a.HttpEntityMethodProcessor  : Using 'application/json', given [application/json] and supported [application/json, application/*+json, application/json, application/*+json]
2022-01-11 13:05:16.289 DEBUG 40358 --- [http-nio-9221-exec-2] o.s.w.s.m.m.a.HttpEntityMethodProcessor  : Writing [com.hcl.appscan.customscannersservice.controller.CustomScannersControllerAdvice$ErrorMessage@7127158 (truncated)...]
2022-01-11 13:05:16.290 DEBUG 40358 --- [http-nio-9221-exec-2] .m.m.a.ExceptionHandlerExceptionResolver : Resolved [java.lang.IllegalArgumentException: The following file type is not supported: json]
2022-01-11 13:05:16.290 DEBUG 40358 --- [http-nio-9221-exec-2] o.s.web.servlet.DispatcherServlet        : Completed 422 UNPROCESSABLE_ENTITY
2022-01-11 13:05:40.373 DEBUG 40358 --- [http-nio-9221-exec-3] o.s.web.servlet.DispatcherServlet        : POST "/v1/scanFile", parameters={masked}
2022-01-11 13:05:40.374 DEBUG 40358 --- [http-nio-9221-exec-3] s.w.s.m.m.a.RequestMappingHandlerMapping : Mapped to com.hcl.appscan.customscannersservice.controller.CustomScannersController#runScanFile(MultipartFile, String, int[])
2022-01-11 13:05:40.375 DEBUG 40358 --- [http-nio-9221-exec-3] .m.m.a.ExceptionHandlerExceptionResolver : Using @ExceptionHandler com.hcl.appscan.customscannersservice.controller.CustomScannersControllerAdvice#handleInvalidArgument(IllegalArgumentException)
2022-01-11 13:05:40.376 DEBUG 40358 --- [http-nio-9221-exec-3] o.s.w.s.m.m.a.HttpEntityMethodProcessor  : Using 'application/json', given [application/json] and supported [application/json, application/*+json, application/json, application/*+json]
2022-01-11 13:05:40.376 DEBUG 40358 --- [http-nio-9221-exec-3] o.s.w.s.m.m.a.HttpEntityMethodProcessor  : Writing [com.hcl.appscan.customscannersservice.controller.CustomScannersControllerAdvice$ErrorMessage@15dcc60 (truncated)...]
2022-01-11 13:05:40.377 DEBUG 40358 --- [http-nio-9221-exec-3] .m.m.a.ExceptionHandlerExceptionResolver : Resolved [java.lang.IllegalArgumentException: The following file type is not supported: properties]
2022-01-11 13:05:40.377 DEBUG 40358 --- [http-nio-9221-exec-3] o.s.web.servlet.DispatcherServlet        : Completed 422 UNPROCESSABLE_ENTITY
2022-01-11 13:06:56.800 DEBUG 40358 --- [http-nio-9221-exec-4] o.s.web.servlet.DispatcherServlet        : POST "/v1/scanFile", parameters={masked}
2022-01-11 13:06:56.801 DEBUG 40358 --- [http-nio-9221-exec-4] s.w.s.m.m.a.RequestMappingHandlerMapping : Mapped to com.hcl.appscan.customscannersservice.controller.CustomScannersController#runScanFile(MultipartFile, String, int[])
2022-01-11 13:06:56.803 DEBUG 40358 --- [http-nio-9221-exec-4] .m.m.a.ExceptionHandlerExceptionResolver : Using @ExceptionHandler com.hcl.appscan.customscannersservice.controller.CustomScannersControllerAdvice#handleInvalidArgument(IllegalArgumentException)
2022-01-11 13:06:56.803 DEBUG 40358 --- [http-nio-9221-exec-4] o.s.w.s.m.m.a.HttpEntityMethodProcessor  : Using 'application/json', given [application/json] and supported [application/json, application/*+json, application/json, application/*+json]
2022-01-11 13:06:56.804 DEBUG 40358 --- [http-nio-9221-exec-4] o.s.w.s.m.m.a.HttpEntityMethodProcessor  : Writing [com.hcl.appscan.customscannersservice.controller.CustomScannersControllerAdvice$ErrorMessage@10807f6 (truncated)...]
2022-01-11 13:06:56.805 DEBUG 40358 --- [http-nio-9221-exec-4] .m.m.a.ExceptionHandlerExceptionResolver : Resolved [java.lang.IllegalArgumentException: The following file type is not supported: properties]
2022-01-11 13:06:56.805 DEBUG 40358 --- [http-nio-9221-exec-4] o.s.web.servlet.DispatcherServlet        : Completed 422 UNPROCESSABLE_ENTITY
2022-01-11 13:07:21.197 DEBUG 40358 --- [http-nio-9221-exec-5] o.s.web.servlet.DispatcherServlet        : POST "/v1/scanFile", parameters={masked}
2022-01-11 13:07:21.198 DEBUG 40358 --- [http-nio-9221-exec-5] s.w.s.m.m.a.RequestMappingHandlerMapping : Mapped to com.hcl.appscan.customscannersservice.controller.CustomScannersController#runScanFile(MultipartFile, String, int[])
2022-01-11 13:07:21.200 DEBUG 40358 --- [http-nio-9221-exec-5] .m.m.a.ExceptionHandlerExceptionResolver : Using @ExceptionHandler com.hcl.appscan.customscannersservice.controller.CustomScannersControllerAdvice#handleInvalidArgument(IllegalArgumentException)
2022-01-11 13:07:21.201 DEBUG 40358 --- [http-nio-9221-exec-5] o.s.w.s.m.m.a.HttpEntityMethodProcessor  : Using 'application/json', given [application/json] and supported [application/json, application/*+json, application/json, application/*+json]
2022-01-11 13:07:21.201 DEBUG 40358 --- [http-nio-9221-exec-5] o.s.w.s.m.m.a.HttpEntityMethodProcessor  : Writing [com.hcl.appscan.customscannersservice.controller.CustomScannersControllerAdvice$ErrorMessage@404bfb8 (truncated)...]
2022-01-11 13:07:21.202 DEBUG 40358 --- [http-nio-9221-exec-5] .m.m.a.ExceptionHandlerExceptionResolver : Resolved [java.lang.IllegalArgumentException: The following file type is not supported: properties]
2022-01-11 13:07:21.203 DEBUG 40358 --- [http-nio-9221-exec-5] o.s.web.servlet.DispatcherServlet        : Completed 422 UNPROCESSABLE_ENTITY
2022-01-11 13:07:34.838 DEBUG 40358 --- [http-nio-9221-exec-6] o.s.web.servlet.DispatcherServlet        : POST "/v1/scanFile", parameters={masked}
2022-01-11 13:07:34.839 DEBUG 40358 --- [http-nio-9221-exec-6] s.w.s.m.m.a.RequestMappingHandlerMapping : Mapped to com.hcl.appscan.customscannersservice.controller.CustomScannersController#runScanFile(MultipartFile, String, int[])
2022-01-11 13:07:34.841 DEBUG 40358 --- [http-nio-9221-exec-6] .m.m.a.ExceptionHandlerExceptionResolver : Using @ExceptionHandler com.hcl.appscan.customscannersservice.controller.CustomScannersControllerAdvice#handleInvalidArgument(IllegalArgumentException)
2022-01-11 13:07:34.841 DEBUG 40358 --- [http-nio-9221-exec-6] o.s.w.s.m.m.a.HttpEntityMethodProcessor  : Using 'application/json', given [application/json] and supported [application/json, application/*+json, application/json, application/*+json]
2022-01-11 13:07:34.841 DEBUG 40358 --- [http-nio-9221-exec-6] o.s.w.s.m.m.a.HttpEntityMethodProcessor  : Writing [com.hcl.appscan.customscannersservice.controller.CustomScannersControllerAdvice$ErrorMessage@3e7ea37 (truncated)...]
2022-01-11 13:07:34.842 DEBUG 40358 --- [http-nio-9221-exec-6] .m.m.a.ExceptionHandlerExceptionResolver : Resolved [java.lang.IllegalArgumentException: The following file type is not supported: properties]
2022-01-11 13:07:34.842 DEBUG 40358 --- [http-nio-9221-exec-6] o.s.web.servlet.DispatcherServlet        : Completed 422 UNPROCESSABLE_ENTITY
2022-01-11 13:13:28.820  INFO 46494 --- [main] c.h.a.c.CustomScannersServiceApplication : Starting CustomScannersServiceApplication on Jarvis with PID 46494 (/home/tim/.vscode/extensions/hcltechnologies.hclappscancodesweep-1.2.0/lib/custom-scanners-service-1.0.12.jar started by tim in /home/tim/Documents/Minecraft/mods/my mods/CompostableRottenFlesh)
2022-01-11 13:13:28.826  INFO 46494 --- [main] c.h.a.c.CustomScannersServiceApplication : No active profile set, falling back to default profiles: default
2022-01-11 13:13:32.650  INFO 46494 --- [main] o.s.b.w.embedded.tomcat.TomcatWebServer  : Tomcat initialized with port(s): 9221 (http)
2022-01-11 13:13:32.691  INFO 46494 --- [main] o.apache.catalina.core.StandardService   : Starting service [Tomcat]
2022-01-11 13:13:32.696  INFO 46494 --- [main] org.apache.catalina.core.StandardEngine  : Starting Servlet engine: [Apache Tomcat/9.0.29]
2022-01-11 13:13:32.841  INFO 46494 --- [main] o.a.c.c.C.[Tomcat].[localhost].[/]       : Initializing Spring embedded WebApplicationContext
2022-01-11 13:13:32.842 DEBUG 46494 --- [main] o.s.web.context.ContextLoader            : Published root WebApplicationContext as ServletContext attribute with name [org.springframework.web.context.WebApplicationContext.ROOT]
2022-01-11 13:13:32.842  INFO 46494 --- [main] o.s.web.context.ContextLoader            : Root WebApplicationContext: initialization completed in 3907 ms
2022-01-11 13:13:33.326 DEBUG 46494 --- [main] o.s.b.w.s.ServletContextInitializerBeans : Mapping filters: filterRegistrationBean urls=[/*] order=-2147483647, characterEncodingFilter urls=[/*] order=-2147483648, formContentFilter urls=[/*] order=-9900, requestContextFilter urls=[/*] order=-105
2022-01-11 13:13:33.326 DEBUG 46494 --- [main] o.s.b.w.s.ServletContextInitializerBeans : Mapping servlets: dispatcherServlet urls=[/]
2022-01-11 13:13:34.729  INFO 46494 --- [Thread-0] c.h.a.s.s.services.ArticleResource       : Completed reading English articles
2022-01-11 13:13:34.897 DEBUG 46494 --- [main] s.w.s.m.m.a.RequestMappingHandlerMapping : 22 mappings in 'requestMappingHandlerMapping'
2022-01-11 13:13:35.037  INFO 46494 --- [main] o.s.b.a.e.web.EndpointLinksResolver      : Exposing 2 endpoint(s) beneath base path '/actuator'
2022-01-11 13:13:35.290  INFO 46494 --- [main] pertySourcedRequestMappingHandlerMapping : Mapped URL path [/v2/api-docs] onto method [springfox.documentation.swagger2.web.Swagger2Controller#getDocumentation(String, HttpServletRequest)]
2022-01-11 13:13:35.601  INFO 46494 --- [main] o.s.s.concurrent.ThreadPoolTaskExecutor  : Initializing ExecutorService 'applicationTaskExecutor'
2022-01-11 13:13:35.656 DEBUG 46494 --- [main] s.w.s.m.m.a.RequestMappingHandlerAdapter : ControllerAdvice beans: 0 @ModelAttribute, 0 @InitBinder, 1 RequestBodyAdvice, 1 ResponseBodyAdvice
2022-01-11 13:13:35.995 DEBUG 46494 --- [main] o.s.w.s.handler.SimpleUrlHandlerMapping  : Patterns [/webjars/**, /**] in 'resourceHandlerMapping'
2022-01-11 13:13:36.025 DEBUG 46494 --- [main] .m.m.a.ExceptionHandlerExceptionResolver : ControllerAdvice beans: 1 @ExceptionHandler, 1 ResponseBodyAdvice
2022-01-11 13:13:36.350  INFO 46494 --- [main] d.s.w.p.DocumentationPluginsBootstrapper : Context refreshed
2022-01-11 13:13:36.427  INFO 46494 --- [main] d.s.w.p.DocumentationPluginsBootstrapper : Found 1 custom documentation plugin(s)
2022-01-11 13:13:36.558  INFO 46494 --- [main] s.d.s.w.s.ApiListingReferenceScanner     : Scanning for api listing references
2022-01-11 13:13:37.220  INFO 46494 --- [main] o.s.b.w.embedded.tomcat.TomcatWebServer  : Tomcat started on port(s): 9221 (http) with context path ''
2022-01-11 13:13:37.228  INFO 46494 --- [main] c.h.a.c.CustomScannersServiceApplication : Started CustomScannersServiceApplication in 9.445 seconds (JVM running for 10.284)
2022-01-11 13:13:37.429  INFO 46494 --- [http-nio-9221-exec-1] o.a.c.c.C.[Tomcat].[localhost].[/]       : Initializing Spring DispatcherServlet 'dispatcherServlet'
2022-01-11 13:13:37.430  INFO 46494 --- [http-nio-9221-exec-1] o.s.web.servlet.DispatcherServlet        : Initializing Servlet 'dispatcherServlet'
2022-01-11 13:13:37.434 DEBUG 46494 --- [http-nio-9221-exec-1] o.s.web.servlet.DispatcherServlet        : Detected StandardServletMultipartResolver
2022-01-11 13:13:37.435 DEBUG 46494 --- [http-nio-9221-exec-1] o.s.web.servlet.DispatcherServlet        : Detected CookieLocaleResolver
2022-01-11 13:13:37.435 DEBUG 46494 --- [http-nio-9221-exec-1] o.s.web.servlet.DispatcherServlet        : Detected CookieThemeResolver
2022-01-11 13:13:37.445 DEBUG 46494 --- [http-nio-9221-exec-1] o.s.web.servlet.DispatcherServlet        : enableLoggingRequestDetails='false': request parameters and headers will be masked to prevent unsafe logging of potentially sensitive data
2022-01-11 13:13:37.445  INFO 46494 --- [http-nio-9221-exec-1] o.s.web.servlet.DispatcherServlet        : Completed initialization in 11 ms
2022-01-11 13:13:37.498 DEBUG 46494 --- [http-nio-9221-exec-1] o.s.web.servlet.DispatcherServlet        : GET "/v1/scanRules", parameters={}
2022-01-11 13:13:37.522 DEBUG 46494 --- [http-nio-9221-exec-1] s.w.s.m.m.a.RequestMappingHandlerMapping : Mapped to com.hcl.appscan.customscannersservice.controller.CustomScannersController#getScanRules(String[])
2022-01-11 13:13:37.611 DEBUG 46494 --- [http-nio-9221-exec-1] o.s.w.s.m.m.a.HttpEntityMethodProcessor  : Using 'application/json', given [application/json] and supported [application/json]
2022-01-11 13:13:37.633 DEBUG 46494 --- [http-nio-9221-exec-1] o.s.w.s.m.m.a.HttpEntityMethodProcessor  : Writing [{Golang={com.ouncelabs.languagelite.golang.rules.WeakCryptoGolang=CustomScannersServiceScanRule{rule (truncated)...]
2022-01-11 13:13:37.884 DEBUG 46494 --- [http-nio-9221-exec-1] o.s.web.servlet.DispatcherServlet        : Completed 200 OK
2022-01-11 13:15:21.987  INFO 47860 --- [main] c.h.a.c.CustomScannersServiceApplication : Starting CustomScannersServiceApplication on Jarvis with PID 47860 (/home/tim/.vscode/extensions/hcltechnologies.hclappscancodesweep-1.2.0/lib/custom-scanners-service-1.0.12.jar started by tim in /home/tim/Documents/Minecraft/mods/my mods/CompostableRottenFlesh)
2022-01-11 13:15:21.990  INFO 47860 --- [main] c.h.a.c.CustomScannersServiceApplication : No active profile set, falling back to default profiles: default
2022-01-11 13:15:25.680  INFO 47860 --- [main] o.s.b.w.embedded.tomcat.TomcatWebServer  : Tomcat initialized with port(s): 9221 (http)
2022-01-11 13:15:25.712  INFO 47860 --- [main] o.apache.catalina.core.StandardService   : Starting service [Tomcat]
2022-01-11 13:15:25.713  INFO 47860 --- [main] org.apache.catalina.core.StandardEngine  : Starting Servlet engine: [Apache Tomcat/9.0.29]
2022-01-11 13:15:25.887  INFO 47860 --- [main] o.a.c.c.C.[Tomcat].[localhost].[/]       : Initializing Spring embedded WebApplicationContext
2022-01-11 13:15:25.887 DEBUG 47860 --- [main] o.s.web.context.ContextLoader            : Published root WebApplicationContext as ServletContext attribute with name [org.springframework.web.context.WebApplicationContext.ROOT]
2022-01-11 13:15:25.888  INFO 47860 --- [main] o.s.web.context.ContextLoader            : Root WebApplicationContext: initialization completed in 3799 ms
2022-01-11 13:15:26.313 DEBUG 47860 --- [main] o.s.b.w.s.ServletContextInitializerBeans : Mapping filters: filterRegistrationBean urls=[/*] order=-2147483647, characterEncodingFilter urls=[/*] order=-2147483648, formContentFilter urls=[/*] order=-9900, requestContextFilter urls=[/*] order=-105
2022-01-11 13:15:26.314 DEBUG 47860 --- [main] o.s.b.w.s.ServletContextInitializerBeans : Mapping servlets: dispatcherServlet urls=[/]
2022-01-11 13:15:27.548 DEBUG 47860 --- [main] s.w.s.m.m.a.RequestMappingHandlerMapping : 22 mappings in 'requestMappingHandlerMapping'
2022-01-11 13:15:27.621  INFO 47860 --- [main] o.s.b.a.e.web.EndpointLinksResolver      : Exposing 2 endpoint(s) beneath base path '/actuator'
2022-01-11 13:15:27.771  INFO 47860 --- [main] pertySourcedRequestMappingHandlerMapping : Mapped URL path [/v2/api-docs] onto method [springfox.documentation.swagger2.web.Swagger2Controller#getDocumentation(String, HttpServletRequest)]
2022-01-11 13:15:27.965  INFO 47860 --- [Thread-0] c.h.a.s.s.services.ArticleResource       : Completed reading English articles
2022-01-11 13:15:28.106  INFO 47860 --- [main] o.s.s.concurrent.ThreadPoolTaskExecutor  : Initializing ExecutorService 'applicationTaskExecutor'
2022-01-11 13:15:28.166 DEBUG 47860 --- [main] s.w.s.m.m.a.RequestMappingHandlerAdapter : ControllerAdvice beans: 0 @ModelAttribute, 0 @InitBinder, 1 RequestBodyAdvice, 1 ResponseBodyAdvice
2022-01-11 13:15:28.668 DEBUG 47860 --- [main] o.s.w.s.handler.SimpleUrlHandlerMapping  : Patterns [/webjars/**, /**] in 'resourceHandlerMapping'
2022-01-11 13:15:28.748 DEBUG 47860 --- [main] .m.m.a.ExceptionHandlerExceptionResolver : ControllerAdvice beans: 1 @ExceptionHandler, 1 ResponseBodyAdvice
2022-01-11 13:15:28.992  INFO 47860 --- [main] d.s.w.p.DocumentationPluginsBootstrapper : Context refreshed
2022-01-11 13:15:29.036  INFO 47860 --- [main] d.s.w.p.DocumentationPluginsBootstrapper : Found 1 custom documentation plugin(s)
2022-01-11 13:15:29.139  INFO 47860 --- [main] s.d.s.w.s.ApiListingReferenceScanner     : Scanning for api listing references
2022-01-11 13:15:30.039  INFO 47860 --- [main] o.s.b.w.embedded.tomcat.TomcatWebServer  : Tomcat started on port(s): 9221 (http) with context path ''
2022-01-11 13:15:30.044  INFO 47860 --- [main] c.h.a.c.CustomScannersServiceApplication : Started CustomScannersServiceApplication in 8.903 seconds (JVM running for 9.723)
2022-01-11 13:15:30.419  INFO 47860 --- [http-nio-9221-exec-1] o.a.c.c.C.[Tomcat].[localhost].[/]       : Initializing Spring DispatcherServlet 'dispatcherServlet'
2022-01-11 13:15:30.430  INFO 47860 --- [http-nio-9221-exec-1] o.s.web.servlet.DispatcherServlet        : Initializing Servlet 'dispatcherServlet'
2022-01-11 13:15:30.430 DEBUG 47860 --- [http-nio-9221-exec-1] o.s.web.servlet.DispatcherServlet        : Detected StandardServletMultipartResolver
2022-01-11 13:15:30.430 DEBUG 47860 --- [http-nio-9221-exec-1] o.s.web.servlet.DispatcherServlet        : Detected CookieLocaleResolver
2022-01-11 13:15:30.430 DEBUG 47860 --- [http-nio-9221-exec-1] o.s.web.servlet.DispatcherServlet        : Detected CookieThemeResolver
2022-01-11 13:15:30.436 DEBUG 47860 --- [http-nio-9221-exec-1] o.s.web.servlet.DispatcherServlet        : enableLoggingRequestDetails='false': request parameters and headers will be masked to prevent unsafe logging of potentially sensitive data
2022-01-11 13:15:30.437  INFO 47860 --- [http-nio-9221-exec-1] o.s.web.servlet.DispatcherServlet        : Completed initialization in 7 ms
2022-01-11 13:15:30.468 DEBUG 47860 --- [http-nio-9221-exec-1] o.s.web.servlet.DispatcherServlet        : GET "/v1/scanRules", parameters={}
2022-01-11 13:15:30.483 DEBUG 47860 --- [http-nio-9221-exec-1] s.w.s.m.m.a.RequestMappingHandlerMapping : Mapped to com.hcl.appscan.customscannersservice.controller.CustomScannersController#getScanRules(String[])
2022-01-11 13:15:30.539 DEBUG 47860 --- [http-nio-9221-exec-1] o.s.w.s.m.m.a.HttpEntityMethodProcessor  : Using 'application/json', given [application/json] and supported [application/json]
2022-01-11 13:15:30.561 DEBUG 47860 --- [http-nio-9221-exec-1] o.s.w.s.m.m.a.HttpEntityMethodProcessor  : Writing [{Golang={com.ouncelabs.languagelite.golang.rules.CommMisconfig=CustomScannersServiceScanRule{ruleNam (truncated)...]
2022-01-11 13:15:30.858 DEBUG 47860 --- [http-nio-9221-exec-1] o.s.web.servlet.DispatcherServlet        : Completed 200 OK
